<?xml version="1.0" encoding="UTF-8"?>
<!-- Generated by org.testng.reporters.JUnitReportReporter -->
<testsuite skipped="0" hostname="LAPTOP-6SEJLNKE" name="crudoperationwithBdd.CreateObjectUsingPojo" tests="1" failures="0" timestamp="28 Oct 2021 10:08:47 GMT" time="7.498" errors="0">
  <testcase name="createProjectUsingPojo" time="7.498" classname="crudoperationwithBdd.CreateObjectUsingPojo"/>
</testsuite> <!-- crudoperationwithBdd.CreateObjectUsingPojo -->
