<?xml version="1.0" encoding="UTF-8"?>
<!-- Generated by org.testng.reporters.JUnitReportReporter -->
<testsuite skipped="0" hostname="LAPTOP-6SEJLNKE" name="parametersAndAuthentification.QueryParameter" tests="1" failures="0" timestamp="29 Oct 2021 07:25:17 GMT" time="7.954" errors="0">
  <testcase name="queryparameter" time="7.954" classname="parametersAndAuthentification.QueryParameter"/>
</testsuite> <!-- parametersAndAuthentification.QueryParameter -->
